2023-01-09 11:43:56.604 INFO [Test worker] [com.todoist.ui.pages.BasePage.openPage(BasePage.java:27)] - Page opened
2023-01-09 11:43:57.514 INFO [Test worker] [com.todoist.ui.steps.HomeStep.openPageAndClickToLoginIn(HomeStep.java:12)] - Page opened
2023-01-09 11:43:57.684 INFO [Test worker] [com.todoist.ui.pages.LoginPage.typeEmail(LoginPage.java:46)] - (439, 505)
2023-01-09 11:43:57.802 INFO [Test worker] [com.todoist.ui.pages.LoginPage.typePassword(LoginPage.java:53)] - (439, 583)
2023-01-09 11:43:57.851 INFO [Test worker] [com.todoist.ui.pages.LoginPage.clickOnSubmitButton(LoginPage.java:71)] - (430, 628)
2023-01-09 11:43:57.851 INFO [Test worker] [com.todoist.ui.steps.LoginStep.loginIn(LoginStep.java:15)] - Login performed
2023-01-09 11:44:00.899 INFO [Test worker] [com.todoist.ui.steps.AuthorizedUserStep.addProject(AuthorizedUserStep.java:28)] - Created project with name: [test]
2023-01-09 11:44:03.927 INFO [Test worker] [com.todoist.ui.pages.BasePage.openPage(BasePage.java:27)] - Page opened
2023-01-09 11:44:04.655 INFO [Test worker] [com.todoist.ui.steps.HomeStep.openPageAndClickToLoginIn(HomeStep.java:12)] - Page opened
2023-01-09 11:44:04.819 INFO [Test worker] [com.todoist.ui.pages.LoginPage.typeEmail(LoginPage.java:46)] - (439, 505)
2023-01-09 11:44:04.929 INFO [Test worker] [com.todoist.ui.pages.LoginPage.typePassword(LoginPage.java:53)] - (439, 583)
2023-01-09 11:44:04.977 INFO [Test worker] [com.todoist.ui.pages.LoginPage.clickOnSubmitButton(LoginPage.java:71)] - (430, 628)
2023-01-09 11:44:04.977 INFO [Test worker] [com.todoist.ui.steps.LoginStep.loginIn(LoginStep.java:15)] - Login performed
2023-01-09 11:44:08.456 INFO [Test worker] [com.todoist.ui.steps.AuthorizedUserStep.addTask(AuthorizedUserStep.java:19)] - Created task with name: [test] and description: [test]
2023-01-09 11:44:11.509 INFO [Test worker] [com.todoist.ui.pages.BasePage.openPage(BasePage.java:27)] - Page opened
2023-01-09 11:44:12.257 INFO [Test worker] [com.todoist.ui.steps.HomeStep.openPageAndClickToLoginIn(HomeStep.java:12)] - Page opened
2023-01-09 11:44:12.415 INFO [Test worker] [com.todoist.ui.pages.LoginPage.typeEmail(LoginPage.java:46)] - (439, 505)
2023-01-09 11:44:12.526 INFO [Test worker] [com.todoist.ui.pages.LoginPage.typePassword(LoginPage.java:53)] - (439, 583)
2023-01-09 11:44:12.572 INFO [Test worker] [com.todoist.ui.pages.LoginPage.clickOnSubmitButton(LoginPage.java:71)] - (430, 628)
2023-01-09 11:44:12.573 INFO [Test worker] [com.todoist.ui.steps.LoginStep.loginIn(LoginStep.java:15)] - Login performed
2023-01-09 11:44:17.506 INFO [Test worker] [com.todoist.ui.pages.BasePage.openPage(BasePage.java:27)] - Page opened
2023-01-09 11:44:17.978 INFO [Test worker] [com.todoist.ui.steps.HomeStep.openPageAndClickToLoginIn(HomeStep.java:12)] - Page opened
2023-01-09 11:44:18.132 INFO [Test worker] [com.todoist.ui.pages.LoginPage.typeEmail(LoginPage.java:46)] - (439, 505)
2023-01-09 11:44:18.241 INFO [Test worker] [com.todoist.ui.pages.LoginPage.typePassword(LoginPage.java:53)] - (439, 583)
2023-01-09 11:44:18.288 INFO [Test worker] [com.todoist.ui.pages.LoginPage.clickOnSubmitButton(LoginPage.java:71)] - (430, 628)
2023-01-09 11:44:18.289 INFO [Test worker] [com.todoist.ui.steps.LoginStep.loginIn(LoginStep.java:15)] - Login performed
2023-01-09 11:44:23.891 INFO [Test worker] [com.todoist.ui.pages.BasePage.openPage(BasePage.java:27)] - Page opened
2023-01-09 11:44:26.856 INFO [Test worker] [com.todoist.ui.pages.BasePage.openPage(BasePage.java:27)] - Page opened
2023-01-09 11:44:29.916 INFO [Test worker] [com.todoist.ui.pages.BasePage.openPage(BasePage.java:27)] - Page opened
2023-01-09 11:44:30.399 INFO [Test worker] [com.todoist.ui.steps.HomeStep.openPageAndClickToLoginIn(HomeStep.java:12)] - Page opened
2023-01-09 11:44:33.966 INFO [Test worker] [com.todoist.ui.pages.BasePage.openPage(BasePage.java:27)] - Page opened
2023-01-09 11:44:34.423 INFO [Test worker] [com.todoist.ui.steps.HomeStep.openPageAndClickToLoginIn(HomeStep.java:12)] - Page opened
2023-01-09 11:44:34.585 INFO [Test worker] [com.todoist.ui.pages.LoginPage.typeEmail(LoginPage.java:46)] - (439, 505)
2023-01-09 11:44:34.690 INFO [Test worker] [com.todoist.ui.pages.LoginPage.typePassword(LoginPage.java:53)] - (439, 583)
2023-01-09 11:44:34.774 INFO [Test worker] [com.todoist.ui.pages.LoginPage.clickOnSubmitButton(LoginPage.java:71)] - (430, 628)
2023-01-09 11:44:34.775 INFO [Test worker] [com.todoist.ui.steps.LoginStep.loginInWithFilledEmailAndEmptyPassword(LoginStep.java:33)] - Login failed
2023-01-09 11:44:38.557 INFO [Test worker] [com.todoist.ui.pages.BasePage.openPage(BasePage.java:27)] - Page opened
2023-01-09 11:44:39.086 INFO [Test worker] [com.todoist.ui.steps.HomeStep.openPageAndClickToLoginIn(HomeStep.java:12)] - Page opened
2023-01-09 11:44:39.248 INFO [Test worker] [com.todoist.ui.pages.LoginPage.typeEmail(LoginPage.java:46)] - (439, 505)
2023-01-09 11:44:39.345 INFO [Test worker] [com.todoist.ui.pages.LoginPage.typePassword(LoginPage.java:53)] - (439, 583)
2023-01-09 11:44:39.391 INFO [Test worker] [com.todoist.ui.pages.LoginPage.clickOnSubmitButton(LoginPage.java:71)] - (430, 628)
2023-01-09 11:44:39.391 INFO [Test worker] [com.todoist.ui.steps.LoginStep.loginIn(LoginStep.java:15)] - Login performed
2023-01-09 11:44:43.419 INFO [Test worker] [com.todoist.ui.pages.BasePage.openPage(BasePage.java:27)] - Page opened
2023-01-09 11:44:43.907 INFO [Test worker] [com.todoist.ui.steps.HomeStep.openPageAndClickToLoginIn(HomeStep.java:12)] - Page opened
2023-01-09 11:44:44.065 INFO [Test worker] [com.todoist.ui.pages.LoginPage.typeEmail(LoginPage.java:46)] - (439, 505)
2023-01-09 11:44:44.170 INFO [Test worker] [com.todoist.ui.pages.LoginPage.typePassword(LoginPage.java:53)] - (439, 583)
2023-01-09 11:44:44.217 INFO [Test worker] [com.todoist.ui.pages.LoginPage.clickOnSubmitButton(LoginPage.java:71)] - (430, 628)
2023-01-09 11:44:44.217 INFO [Test worker] [com.todoist.ui.steps.LoginStep.loginIn(LoginStep.java:15)] - Login performed
2023-01-09 11:44:50.404 INFO [Test worker] [com.todoist.ui.pages.BasePage.openPage(BasePage.java:27)] - Page opened
2023-01-09 11:44:50.883 INFO [Test worker] [com.todoist.ui.steps.HomeStep.openPageAndClickToLoginIn(HomeStep.java:12)] - Page opened
2023-01-09 11:44:51.043 INFO [Test worker] [com.todoist.ui.pages.LoginPage.typeEmail(LoginPage.java:46)] - (439, 505)
2023-01-09 11:44:51.208 INFO [Test worker] [com.todoist.ui.pages.LoginPage.typePassword(LoginPage.java:53)] - (439, 583)
2023-01-09 11:44:51.256 INFO [Test worker] [com.todoist.ui.pages.LoginPage.clickOnSubmitButton(LoginPage.java:71)] - (430, 628)
2023-01-09 11:44:51.256 INFO [Test worker] [com.todoist.ui.steps.LoginStep.loginInWithEmptyEmailAndFilledPassword(LoginStep.java:41)] - Login failed
2023-01-09 11:44:54.454 INFO [Test worker] [com.todoist.ui.pages.BasePage.openPage(BasePage.java:27)] - Page opened
2023-01-09 11:44:54.972 INFO [Test worker] [com.todoist.ui.steps.HomeStep.openPageAndClickToLoginIn(HomeStep.java:12)] - Page opened
2023-01-09 11:44:55.128 INFO [Test worker] [com.todoist.ui.pages.LoginPage.typeEmail(LoginPage.java:46)] - (439, 505)
2023-01-09 11:44:55.278 INFO [Test worker] [com.todoist.ui.pages.LoginPage.typePassword(LoginPage.java:53)] - (439, 583)
2023-01-09 11:44:55.357 INFO [Test worker] [com.todoist.ui.pages.LoginPage.clickOnSubmitButton(LoginPage.java:71)] - (430, 628)
2023-01-09 11:44:55.357 INFO [Test worker] [com.todoist.ui.steps.LoginStep.loginInWithEmptyEmailAndEmptyPassword(LoginStep.java:25)] - Login failed
2023-01-09 11:44:58.763 INFO [Test worker] [com.todoist.ui.pages.BasePage.openPage(BasePage.java:27)] - Page opened
2023-01-09 11:44:59.311 INFO [Test worker] [com.todoist.ui.steps.HomeStep.openPageAndClickToLoginIn(HomeStep.java:12)] - Page opened
2023-01-09 11:44:59.456 INFO [Test worker] [com.todoist.ui.pages.LoginPage.typeEmail(LoginPage.java:46)] - (439, 505)
2023-01-09 11:44:59.561 INFO [Test worker] [com.todoist.ui.pages.LoginPage.typePassword(LoginPage.java:53)] - (439, 583)
2023-01-09 11:44:59.607 INFO [Test worker] [com.todoist.ui.pages.LoginPage.clickOnSubmitButton(LoginPage.java:71)] - (430, 628)
2023-01-09 11:44:59.607 INFO [Test worker] [com.todoist.ui.steps.LoginStep.loginIn(LoginStep.java:15)] - Login performed
2023-01-09 11:45:02.845 INFO [Test worker] [com.todoist.ui.pages.BasePage.openPage(BasePage.java:27)] - Page opened
2023-01-09 11:45:03.322 INFO [Test worker] [com.todoist.ui.steps.HomeStep.openPageAndClickToLoginIn(HomeStep.java:12)] - Page opened
2023-01-09 11:45:03.469 INFO [Test worker] [com.todoist.ui.pages.LoginPage.typeEmail(LoginPage.java:46)] - (439, 505)
2023-01-09 11:45:03.566 INFO [Test worker] [com.todoist.ui.pages.LoginPage.typePassword(LoginPage.java:53)] - (439, 583)
2023-01-09 11:45:03.613 INFO [Test worker] [com.todoist.ui.pages.LoginPage.clickOnSubmitButton(LoginPage.java:71)] - (430, 628)
2023-01-09 11:45:03.613 INFO [Test worker] [com.todoist.ui.steps.LoginStep.loginIn(LoginStep.java:15)] - Login performed
2023-01-09 11:45:06.982 INFO [Test worker] [com.todoist.ui.pages.BasePage.openPage(BasePage.java:27)] - Page opened
2023-01-09 11:45:07.710 INFO [Test worker] [com.todoist.ui.steps.HomeStep.openPageAndClickToLoginIn(HomeStep.java:12)] - Page opened
2023-01-09 11:45:07.874 INFO [Test worker] [com.todoist.ui.pages.LoginPage.typeEmail(LoginPage.java:46)] - (439, 505)
2023-01-09 11:45:07.978 INFO [Test worker] [com.todoist.ui.pages.LoginPage.typePassword(LoginPage.java:53)] - (439, 583)
2023-01-09 11:45:08.024 INFO [Test worker] [com.todoist.ui.pages.LoginPage.clickOnSubmitButton(LoginPage.java:71)] - (430, 628)
2023-01-09 11:45:08.024 INFO [Test worker] [com.todoist.ui.steps.LoginStep.loginIn(LoginStep.java:15)] - Login performed
